<?xml version="1.0" encoding="UTF-8"?>
<!-- Generated by org.testng.reporters.JUnitReportReporter -->
<testsuite hostname="LAPTOP-OBRH8HI9" failures="0" tests="2" name="org.example.tests.SeleniumLoginTest" time="16.259" errors="0" timestamp="2024-04-21T14:21:02 EEST" skipped="0">
  <testcase classname="org.example.tests.SeleniumLoginTest" name="testCorrectLogin" time="5.783"/>
  <system-out/>
  <testcase classname="org.example.tests.SeleniumLoginTest" name="testIncorrectPassword" time="10.476"/>
  <system-out/>
</testsuite> <!-- org.example.tests.SeleniumLoginTest -->
