<?xml version="1.0" encoding="UTF-8"?>
<!-- Generated by org.testng.reporters.JUnitReportReporter -->
<testsuite hostname="LAPTOP-OBRH8HI9" failures="0" tests="21" name="com.example.tests.PositiveTests" time="9.220" errors="0" timestamp="2024-04-21T15:14:51 EEST" skipped="0">
  <testcase classname="com.example.tests.PositiveTests" name="testGetExistingUser" time="0.138"/>
  <system-out/>
  <testcase classname="com.example.tests.PositiveTests" name="positiveDeleteUser" time="0.200"/>
  <system-out/>
  <testcase classname="com.example.tests.PositiveTests" name="testGetExistingUser" time="0.133"/>
  <system-out/>
  <testcase classname="com.example.tests.PositiveTests" name="positiveDeleteUser" time="0.258"/>
  <system-out/>
  <testcase classname="com.example.tests.PositiveTests" name="testUpdateUser" time="0.267"/>
  <system-out/>
  <testcase classname="com.example.tests.PositiveTests" name="testCreateUser" time="0.329"/>
  <system-out/>
  <testcase classname="com.example.tests.PositiveTests" name="testGetExistingUser" time="0.168"/>
  <system-out/>
  <testcase classname="com.example.tests.PositiveTests" name="positiveDeleteUser" time="0.195"/>
  <system-out/>
  <testcase classname="com.example.tests.PositiveTests" name="testCreateUser" time="2.621"/>
  <system-out/>
  <testcase classname="com.example.tests.PositiveTests" name="testGetExistingUser" time="0.135"/>
  <system-out/>
  <testcase classname="com.example.tests.PositiveTests" name="testUpdateUser" time="0.282"/>
  <system-out/>
  <testcase classname="com.example.tests.PositiveTests" name="testUpdateUser" time="0.258"/>
  <system-out/>
  <testcase classname="com.example.tests.PositiveTests" name="testGetExistingUser" time="0.138"/>
  <system-out/>
  <testcase classname="com.example.tests.PositiveTests" name="testGetExistingUser" time="0.144"/>
  <system-out/>
  <testcase classname="com.example.tests.PositiveTests" name="positiveDeleteUser" time="0.220"/>
  <system-out/>
  <testcase classname="com.example.tests.PositiveTests" name="testUpdateUser" time="0.257"/>
  <system-out/>
  <testcase classname="com.example.tests.PositiveTests" name="testUpdateUser" time="0.254"/>
  <system-out/>
  <testcase classname="com.example.tests.PositiveTests" name="positiveDeleteUser" time="0.228"/>
  <system-out/>
  <testcase classname="com.example.tests.PositiveTests" name="testCreateUser" time="0.264"/>
  <system-out/>
  <testcase classname="com.example.tests.PositiveTests" name="testUpdateUser" time="0.266"/>
  <system-out/>
  <testcase classname="com.example.tests.PositiveTests" name="positiveDeleteUser" time="2.465"/>
  <system-out/>
</testsuite> <!-- com.example.tests.PositiveTests -->
